<?xml version="1.0" encoding="UTF-8"?>
<testng-results skipped="0" failed="1" total="3" passed="2">
  <reporter-output>
  </reporter-output>
  <suite name="TestSuite" duration-ms="29367" started-at="2016-11-03T07:32:59Z" finished-at="2016-11-03T07:33:29Z">
    <groups>
    </groups>
    <test name="ChromeTest" duration-ms="10138" started-at="2016-11-03T07:32:59Z" finished-at="2016-11-03T07:33:09Z">
      <class name="loginPage.CrossLoginPage">
        <test-method status="PASS" signature="setup(java.lang.String)[pri:0, instance:loginPage.CrossLoginPage@675d3402]" name="setup" is-config="true" duration-ms="6204" started-at="2016-11-03T14:32:59Z" finished-at="2016-11-03T14:33:06Z">
          <params>
            <param index="0">
              <value>
                <![CDATA[Chrome]]>
              </value>
            </param>
          </params>
          <reporter-output>
          </reporter-output>
        </test-method> <!-- setup -->
        <test-method status="PASS" signature="testParameterWithXML()[pri:0, instance:loginPage.CrossLoginPage@675d3402]" name="testParameterWithXML" duration-ms="3918" started-at="2016-11-03T14:33:06Z" finished-at="2016-11-03T14:33:09Z">
          <reporter-output>
          </reporter-output>
        </test-method> <!-- testParameterWithXML -->
      </class> <!-- loginPage.CrossLoginPage -->
    </test> <!-- ChromeTest -->
    <test name="FirefoxTest" duration-ms="23552" started-at="2016-11-03T07:32:59Z" finished-at="2016-11-03T07:33:23Z">
      <class name="loginPage.CrossLoginPage">
        <test-method status="PASS" signature="setup(java.lang.String)[pri:0, instance:loginPage.CrossLoginPage@1e88b3c]" name="setup" is-config="true" duration-ms="19850" started-at="2016-11-03T14:32:59Z" finished-at="2016-11-03T14:33:19Z">
          <params>
            <param index="0">
              <value>
                <![CDATA[Firefox]]>
              </value>
            </param>
          </params>
          <reporter-output>
          </reporter-output>
        </test-method> <!-- setup -->
        <test-method status="PASS" signature="testParameterWithXML()[pri:0, instance:loginPage.CrossLoginPage@1e88b3c]" name="testParameterWithXML" duration-ms="3692" started-at="2016-11-03T14:33:19Z" finished-at="2016-11-03T14:33:23Z">
          <reporter-output>
          </reporter-output>
        </test-method> <!-- testParameterWithXML -->
      </class> <!-- loginPage.CrossLoginPage -->
    </test> <!-- FirefoxTest -->
    <test name="IETest" duration-ms="19177" started-at="2016-11-03T07:33:10Z" finished-at="2016-11-03T07:33:29Z">
      <class name="loginPage.CrossLoginPage">
        <test-method status="PASS" signature="setup(java.lang.String)[pri:0, instance:loginPage.CrossLoginPage@604ed9f0]" name="setup" is-config="true" duration-ms="8552" started-at="2016-11-03T14:33:10Z" finished-at="2016-11-03T14:33:18Z">
          <params>
            <param index="0">
              <value>
                <![CDATA[IE]]>
              </value>
            </param>
          </params>
          <reporter-output>
          </reporter-output>
        </test-method> <!-- setup -->
        <test-method status="FAIL" signature="testParameterWithXML()[pri:0, instance:loginPage.CrossLoginPage@604ed9f0]" name="testParameterWithXML" duration-ms="10586" started-at="2016-11-03T14:33:18Z" finished-at="2016-11-03T14:33:29Z">
          <exception class="org.openqa.selenium.NoSuchElementException">
            <message>
              <![CDATA[Unable to find element with name == uid (WARNING: The server did not provide any stacktrace information)
Command duration or timeout: 10.17 seconds
For documentation on this error, please visit: http://seleniumhq.org/exceptions/no_such_element.html
Build info: version: '2.45.0', revision: '32a636c', time: '2015-03-05 22:01:35'
System info: host: 'TrangVT', ip: '192.168.4.83', os.name: 'Windows 8.1', os.arch: 'amd64', os.version: '6.3', java.version: '1.8.0_111'
Driver info: org.openqa.selenium.ie.InternetExplorerDriver
Capabilities [{browserAttachTimeout=0, enablePersistentHover=true, ie.forceCreateProcessApi=false, pageLoadStrategy=normal, ie.usePerProcessProxy=false, ignoreZoomSetting=false, handlesAlerts=true, version=11, platform=WINDOWS, nativeEvents=true, ie.ensureCleanSession=false, elementScrollBehavior=0, ie.browserCommandLineSwitches=, requireWindowFocus=false, browserName=internet explorer, initialBrowserUrl=http://localhost:23076/, takesScreenshot=true, javascriptEnabled=true, ignoreProtectedModeSettings=false, enableElementCacheCleanup=true, cssSelectorsEnabled=true, unexpectedAlertBehaviour=dismiss}]
Session ID: 8b3d8bab-4d2d-48e5-a1f7-b045a22d7850
*** Element info: {Using=name, value=uid}]]>
            </message>
            <full-stacktrace>
              <![CDATA[org.openqa.selenium.NoSuchElementException: Unable to find element with name == uid (WARNING: The server did not provide any stacktrace information)
Command duration or timeout: 10.17 seconds
For documentation on this error, please visit: http://seleniumhq.org/exceptions/no_such_element.html
Build info: version: '2.45.0', revision: '32a636c', time: '2015-03-05 22:01:35'
System info: host: 'TrangVT', ip: '192.168.4.83', os.name: 'Windows 8.1', os.arch: 'amd64', os.version: '6.3', java.version: '1.8.0_111'
Driver info: org.openqa.selenium.ie.InternetExplorerDriver
Capabilities [{browserAttachTimeout=0, enablePersistentHover=true, ie.forceCreateProcessApi=false, pageLoadStrategy=normal, ie.usePerProcessProxy=false, ignoreZoomSetting=false, handlesAlerts=true, version=11, platform=WINDOWS, nativeEvents=true, ie.ensureCleanSession=false, elementScrollBehavior=0, ie.browserCommandLineSwitches=, requireWindowFocus=false, browserName=internet explorer, initialBrowserUrl=http://localhost:23076/, takesScreenshot=true, javascriptEnabled=true, ignoreProtectedModeSettings=false, enableElementCacheCleanup=true, cssSelectorsEnabled=true, unexpectedAlertBehaviour=dismiss}]
Session ID: 8b3d8bab-4d2d-48e5-a1f7-b045a22d7850
*** Element info: {Using=name, value=uid}
	at sun.reflect.NativeConstructorAccessorImpl.newInstance0(Native Method)
	at sun.reflect.NativeConstructorAccessorImpl.newInstance(Unknown Source)
	at sun.reflect.DelegatingConstructorAccessorImpl.newInstance(Unknown Source)
	at java.lang.reflect.Constructor.newInstance(Unknown Source)
	at org.openqa.selenium.remote.ErrorHandler.createThrowable(ErrorHandler.java:204)
	at org.openqa.selenium.remote.ErrorHandler.throwIfResponseFailed(ErrorHandler.java:156)
	at org.openqa.selenium.remote.RemoteWebDriver.execute(RemoteWebDriver.java:599)
	at org.openqa.selenium.remote.RemoteWebDriver.findElement(RemoteWebDriver.java:352)
	at org.openqa.selenium.remote.RemoteWebDriver.findElementByName(RemoteWebDriver.java:425)
	at org.openqa.selenium.By$ByName.findElement(By.java:299)
	at org.openqa.selenium.remote.RemoteWebDriver.findElement(RemoteWebDriver.java:344)
	at loginPage.CrossLoginPage.testParameterWithXML(CrossLoginPage.java:87)
	at sun.reflect.NativeMethodAccessorImpl.invoke0(Native Method)
	at sun.reflect.NativeMethodAccessorImpl.invoke(Unknown Source)
	at sun.reflect.DelegatingMethodAccessorImpl.invoke(Unknown Source)
	at java.lang.reflect.Method.invoke(Unknown Source)
	at org.testng.internal.MethodInvocationHelper.invokeMethod(MethodInvocationHelper.java:84)
	at org.testng.internal.Invoker.invokeMethod(Invoker.java:714)
	at org.testng.internal.Invoker.invokeTestMethod(Invoker.java:901)
	at org.testng.internal.Invoker.invokeTestMethods(Invoker.java:1231)
	at org.testng.internal.TestMethodWorker.invokeTestMethods(TestMethodWorker.java:127)
	at org.testng.internal.TestMethodWorker.run(TestMethodWorker.java:111)
	at org.testng.TestRunner.privateRun(TestRunner.java:767)
	at org.testng.TestRunner.run(TestRunner.java:617)
	at org.testng.SuiteRunner.runTest(SuiteRunner.java:334)
	at org.testng.SuiteRunner.access$000(SuiteRunner.java:37)
	at org.testng.SuiteRunner$SuiteWorker.run(SuiteRunner.java:368)
	at org.testng.internal.thread.ThreadUtil$2.call(ThreadUtil.java:64)
	at java.util.concurrent.FutureTask.run(Unknown Source)
	at java.util.concurrent.ThreadPoolExecutor.runWorker(Unknown Source)
	at java.util.concurrent.ThreadPoolExecutor$Worker.run(Unknown Source)
	at java.lang.Thread.run(Unknown Source)
]]>
            </full-stacktrace>
          </exception> <!-- org.openqa.selenium.NoSuchElementException -->
          <reporter-output>
          </reporter-output>
        </test-method> <!-- testParameterWithXML -->
      </class> <!-- loginPage.CrossLoginPage -->
    </test> <!-- IETest -->
  </suite> <!-- TestSuite -->
</testng-results>
